2022-08-08T15:08:50+0530 DEBUG rpmfusion-free-updates: has expired and will be refreshed.
2022-08-08T15:08:50+0530 DEBUG rpmfusion-nonfree: has expired and will be refreshed.
2022-08-08T15:08:50+0530 DEBUG rpmfusion-nonfree-nvidia-driver: has expired and will be refreshed.
2022-08-08T15:08:50+0530 DEBUG rpmfusion-nonfree-steam: has expired and will be refreshed.
2022-08-08T15:08:50+0530 DEBUG rpmfusion-nonfree-updates: has expired and will be refreshed.
2022-08-08T15:08:50+0530 DEBUG code: has expired and will be refreshed.
2022-08-08T15:08:51+0530 DEBUG reviving: 'anydesk' can be revived - repomd matches.
2022-08-08T15:08:51+0530 DEBUG anydesk: using metadata from Fri 24 Jun 2022 10:48:20 PM IST.
2022-08-08T15:08:52+0530 DEBUG reviving: 'phracek-PyCharm' can be revived - repomd matches.
2022-08-08T15:08:52+0530 DEBUG phracek-PyCharm: using metadata from Wed 27 Jul 2022 10:01:44 AM IST.
2022-08-08T15:08:53+0530 DEBUG reviving: 'brave-browser-rpm-release.s3.brave.com_x86_64_' can be revived - repomd matches.
2022-08-08T15:08:53+0530 DEBUG brave-browser-rpm-release.s3.brave.com_x86_64_: using metadata from Sun 07 Aug 2022 01:43:43 AM IST.
2022-08-08T15:08:53+0530 DEBUG reviving: 'docker-ce-stable' can be revived - repomd matches.
2022-08-08T15:08:53+0530 DEBUG docker-ce-stable: using metadata from Tue 07 Jun 2022 06:14:36 AM IST.
2022-08-08T15:08:53+0530 DEBUG countme: no event for fedora: budget to spend: 2
2022-08-08T15:08:54+0530 DEBUG reviving: 'fedora' can be revived - metalink checksums match.
2022-08-08T15:08:56+0530 DEBUG fedora: using metadata from Thu 05 May 2022 02:46:11 AM IST.
2022-08-08T15:08:57+0530 DEBUG reviving: 'fedora-cisco-openh264' can be revived - metalink checksums match.
2022-08-08T15:08:57+0530 DEBUG fedora-cisco-openh264: using metadata from Thu 07 Apr 2022 10:22:38 PM IST.
2022-08-08T15:08:57+0530 DEBUG countme: no event for fedora-modular: budget to spend: 1
2022-08-08T15:08:58+0530 DEBUG reviving: 'fedora-modular' can be revived - metalink checksums match.
2022-08-08T15:08:58+0530 DEBUG fedora-modular: using metadata from Thu 05 May 2022 02:42:01 AM IST.
2022-08-08T15:08:58+0530 DEBUG countme: no event for updates: budget to spend: 2
2022-08-08T15:08:59+0530 DEBUG reviving: failed for 'updates', mismatched sha256 sum.
2022-08-08T15:08:59+0530 DEBUG repo: downloading from remote: updates
2022-08-08T15:08:59+0530 DEBUG countme: no event for updates: budget to spend: 1
2022-08-08T15:09:25+0530 DEBUG updates: using metadata from Mon 08 Aug 2022 07:08:30 AM IST.
2022-08-08T15:09:25+0530 DEBUG countme: event triggered for updates-modular: bucket 1
2022-08-08T15:09:26+0530 DEBUG reviving: 'updates-modular' can be revived - metalink checksums match.
2022-08-08T15:09:26+0530 DEBUG updates-modular: using metadata from Sun 07 Aug 2022 10:43:08 AM IST.
2022-08-08T15:09:26+0530 DEBUG reviving: 'google-chrome' can be revived - repomd matches.
2022-08-08T15:09:26+0530 DEBUG google-chrome: using metadata from Fri 05 Aug 2022 11:26:46 PM IST.
2022-08-08T15:09:27+0530 DEBUG reviving: 'jenkins' can be revived - repomd matches.
2022-08-08T15:09:27+0530 DEBUG jenkins: using metadata from Wed 13 Jul 2022 11:12:28 PM IST.
2022-08-08T15:09:28+0530 DEBUG reviving: 'rpmfusion-free' can be revived - metalink checksums match.
2022-08-08T15:09:28+0530 DEBUG rpmfusion-free: using metadata from Wed 04 May 2022 10:18:11 AM IST.
2022-08-08T15:09:29+0530 DEBUG reviving: 'rpmfusion-free-updates' can be revived - metalink checksums match.
2022-08-08T15:09:29+0530 DEBUG rpmfusion-free-updates: using metadata from Sat 06 Aug 2022 10:35:07 AM IST.
2022-08-08T15:09:30+0530 DEBUG reviving: 'rpmfusion-nonfree' can be revived - metalink checksums match.
2022-08-08T15:09:30+0530 DEBUG rpmfusion-nonfree: using metadata from Wed 04 May 2022 10:41:55 AM IST.
2022-08-08T15:09:32+0530 DEBUG reviving: 'rpmfusion-nonfree-nvidia-driver' can be revived - metalink checksums match.
2022-08-08T15:09:32+0530 DEBUG rpmfusion-nonfree-nvidia-driver: using metadata from Tue 05 Jul 2022 05:57:49 PM IST.
2022-08-08T15:09:33+0530 DEBUG reviving: 'rpmfusion-nonfree-steam' can be revived - metalink checksums match.
2022-08-08T15:09:33+0530 DEBUG rpmfusion-nonfree-steam: using metadata from Sun 13 Feb 2022 11:18:12 PM IST.
2022-08-08T15:09:34+0530 DEBUG reviving: 'rpmfusion-nonfree-updates' can be revived - metalink checksums match.
2022-08-08T15:09:34+0530 DEBUG rpmfusion-nonfree-updates: using metadata from Sat 06 Aug 2022 10:55:29 AM IST.
2022-08-08T15:09:35+0530 DEBUG reviving: failed for 'code', mismatched repomd.
2022-08-08T15:09:35+0530 DEBUG repo: downloading from remote: code
2022-08-08T15:09:48+0530 DEBUG code: using metadata from Mon 08 Aug 2022 12:07:26 PM IST.
2022-08-08T15:09:48+0530 DEBUG User-Agent: constructed: 'libdnf (Fedora Linux 36; workstation; Linux.x86_64)'
2022-08-08T15:09:50+0530 DDEBUG timer: sack setup: 59472 ms
2022-08-08T15:09:50+0530 DEBUG Completion plugin: Generating completion cache...
2022-08-08T15:09:53+0530 INFO Metadata cache created.
2022-08-08T15:09:53+0530 DDEBUG Cleaning up.
2022-08-08T16:56:50+0530 INFO --- logging initialized ---
2022-08-08T16:56:50+0530 DDEBUG timer: config: 1209 ms
2022-08-08T16:56:50+0530 DEBUG Loaded plugins: builddep, changelog, config-manager, copr, debug, debuginfo-install, download, generate_completion_cache, groups-manager, needs-restarting, playground, repoclosure, repodiff, repograph, repomanage, reposync, system-upgrade
2022-08-08T16:56:50+0530 DEBUG DNF version: 4.13.0
2022-08-08T16:56:50+0530 DDEBUG Command: dnf makecache --timer 
2022-08-08T16:56:50+0530 DDEBUG Installroot: /
2022-08-08T16:56:50+0530 DDEBUG Releasever: 36
2022-08-08T16:56:50+0530 DEBUG cachedir: /var/cache/dnf
2022-08-08T16:56:50+0530 DDEBUG Base command: makecache
2022-08-08T16:56:50+0530 DDEBUG Extra commands: ['makecache', '--timer']
2022-08-08T16:56:50+0530 WARNING Repository anydesk is listed more than once in the configuration
2022-08-08T16:56:50+0530 DEBUG Making cache files for all metadata files.
2022-08-08T16:56:50+0530 INFO Metadata cache refreshed recently.
2022-08-08T16:56:50+0530 DDEBUG Cleaning up.
2022-08-08T18:24:49+0530 INFO --- logging initialized ---
2022-08-08T18:24:49+0530 DDEBUG timer: config: 930 ms
2022-08-08T18:24:49+0530 DEBUG Loaded plugins: builddep, changelog, config-manager, copr, debug, debuginfo-install, download, generate_completion_cache, groups-manager, needs-restarting, playground, repoclosure, repodiff, repograph, repomanage, reposync, system-upgrade
2022-08-08T18:24:49+0530 DEBUG DNF version: 4.13.0
2022-08-08T18:24:49+0530 DDEBUG Command: dnf makecache --timer 
2022-08-08T18:24:49+0530 DDEBUG Installroot: /
2022-08-08T18:24:49+0530 DDEBUG Releasever: 36
2022-08-08T18:24:49+0530 DEBUG cachedir: /var/cache/dnf
2022-08-08T18:24:49+0530 DDEBUG Base command: makecache
2022-08-08T18:24:49+0530 DDEBUG Extra commands: ['makecache', '--timer']
2022-08-08T18:24:49+0530 WARNING Repository anydesk is listed more than once in the configuration
2022-08-08T18:24:49+0530 DEBUG Making cache files for all metadata files.
2022-08-08T18:24:50+0530 DEBUG anydesk: has expired and will be refreshed.
2022-08-08T18:24:50+0530 DEBUG phracek-PyCharm: has expired and will be refreshed.
2022-08-08T18:24:50+0530 DEBUG brave-browser-rpm-release.s3.brave.com_x86_64_: has expired and will be refreshed.
2022-08-08T18:24:50+0530 DEBUG docker-ce-stable: has expired and will be refreshed.
2022-08-08T18:24:51+0530 DEBUG fedora: has expired and will be refreshed.
2022-08-08T18:24:51+0530 DEBUG fedora-cisco-openh264: has expired and will be refreshed.
2022-08-08T18:24:51+0530 DEBUG fedora-modular: has expired and will be refreshed.
2022-08-08T18:24:51+0530 DEBUG updates: has expired and will be refreshed.
2022-08-08T18:24:51+0530 DEBUG updates-modular: has expired and will be refreshed.
2022-08-08T18:24:52+0530 DEBUG google-chrome: has expired and will be refreshed.
2022-08-08T18:24:52+0530 DEBUG jenkins: has expired and will be refreshed.
2022-08-08T18:24:52+0530 DEBUG rpmfusion-free: has expired and will be refreshed.
2022-08-08T18:24:52+0530 DEBUG rpmfusion-free-updates: has expired and will be refreshed.
2022-08-08T18:24:52+0530 DEBUG rpmfusion-nonfree: has expired and will be refreshed.
2022-08-08T18:24:52+0530 DEBUG rpmfusion-nonfree-nvidia-driver: has expired and will be refreshed.
2022-08-08T18:24:52+0530 DEBUG rpmfusion-nonfree-steam: has expired and will be refreshed.
2022-08-08T18:24:52+0530 DEBUG rpmfusion-nonfree-updates: has expired and will be refreshed.
2022-08-08T18:24:52+0530 DEBUG code: has expired and will be refreshed.
2022-08-08T18:24:53+0530 DEBUG reviving: 'anydesk' can be revived - repomd matches.
2022-08-08T18:24:53+0530 DEBUG anydesk: using metadata from Fri 24 Jun 2022 10:48:20 PM IST.
2022-08-08T18:24:56+0530 DEBUG reviving: 'phracek-PyCharm' can be revived - repomd matches.
2022-08-08T18:24:56+0530 DEBUG phracek-PyCharm: using metadata from Wed 27 Jul 2022 10:01:44 AM IST.
2022-08-08T18:24:59+0530 DEBUG reviving: 'brave-browser-rpm-release.s3.brave.com_x86_64_' can be revived - repomd matches.
2022-08-08T18:25:00+0530 DEBUG brave-browser-rpm-release.s3.brave.com_x86_64_: using metadata from Sun 07 Aug 2022 01:43:43 AM IST.
2022-08-08T18:25:00+0530 DEBUG reviving: failed for 'docker-ce-stable', mismatched repomd.
2022-08-08T18:25:00+0530 DEBUG repo: downloading from remote: docker-ce-stable
2022-08-08T18:25:00+0530 DEBUG docker-ce-stable: using metadata from Mon 08 Aug 2022 04:43:15 PM IST.
2022-08-08T18:25:00+0530 DEBUG countme: no event for fedora: budget to spend: 1
2022-08-08T18:25:01+0530 DEBUG reviving: 'fedora' can be revived - metalink checksums match.
2022-08-08T18:25:02+0530 DEBUG fedora: using metadata from Thu 05 May 2022 02:46:11 AM IST.
2022-08-08T18:25:03+0530 DEBUG reviving: 'fedora-cisco-openh264' can be revived - metalink checksums match.
2022-08-08T18:25:03+0530 DEBUG fedora-cisco-openh264: using metadata from Thu 07 Apr 2022 10:22:38 PM IST.
2022-08-08T18:25:03+0530 DEBUG countme: event triggered for fedora-modular: bucket 1
2022-08-08T18:25:03+0530 DEBUG reviving: 'fedora-modular' can be revived - metalink checksums match.
2022-08-08T18:25:03+0530 DEBUG fedora-modular: using metadata from Thu 05 May 2022 02:42:01 AM IST.
2022-08-08T18:25:03+0530 DEBUG countme: event triggered for updates: bucket 1
2022-08-08T18:25:04+0530 DEBUG reviving: 'updates' can be revived - metalink checksums match.
2022-08-08T18:25:05+0530 DEBUG updates: using metadata from Mon 08 Aug 2022 07:08:30 AM IST.
2022-08-08T18:25:05+0530 DEBUG countme: no event for updates-modular: window already counted
2022-08-08T18:25:06+0530 DEBUG reviving: 'updates-modular' can be revived - metalink checksums match.
2022-08-08T18:25:06+0530 DEBUG updates-modular: using metadata from Sun 07 Aug 2022 10:43:08 AM IST.
2022-08-08T18:25:06+0530 DEBUG reviving: 'google-chrome' can be revived - repomd matches.
2022-08-08T18:25:06+0530 DEBUG google-chrome: using metadata from Fri 05 Aug 2022 11:26:46 PM IST.
2022-08-08T18:25:07+0530 DEBUG reviving: 'jenkins' can be revived - repomd matches.
2022-08-08T18:25:07+0530 DEBUG jenkins: using metadata from Wed 13 Jul 2022 11:12:28 PM IST.
2022-08-08T18:25:09+0530 DEBUG reviving: 'rpmfusion-free' can be revived - metalink checksums match.
2022-08-08T18:25:09+0530 DEBUG rpmfusion-free: using metadata from Wed 04 May 2022 10:18:11 AM IST.
2022-08-08T18:25:10+0530 DEBUG reviving: 'rpmfusion-free-updates' can be revived - metalink checksums match.
2022-08-08T18:25:10+0530 DEBUG rpmfusion-free-updates: using metadata from Sat 06 Aug 2022 10:35:07 AM IST.
2022-08-08T18:25:12+0530 DEBUG reviving: 'rpmfusion-nonfree' can be revived - metalink checksums match.
2022-08-08T18:25:12+0530 DEBUG rpmfusion-nonfree: using metadata from Wed 04 May 2022 10:41:55 AM IST.
2022-08-08T18:25:13+0530 DEBUG reviving: 'rpmfusion-nonfree-nvidia-driver' can be revived - metalink checksums match.
2022-08-08T18:25:13+0530 DEBUG rpmfusion-nonfree-nvidia-driver: using metadata from Tue 05 Jul 2022 05:57:49 PM IST.
2022-08-08T18:25:15+0530 DEBUG reviving: 'rpmfusion-nonfree-steam' can be revived - metalink checksums match.
2022-08-08T18:25:15+0530 DEBUG rpmfusion-nonfree-steam: using metadata from Sun 13 Feb 2022 11:18:12 PM IST.
2022-08-08T18:25:16+0530 DEBUG reviving: 'rpmfusion-nonfree-updates' can be revived - metalink checksums match.
2022-08-08T18:25:16+0530 DEBUG rpmfusion-nonfree-updates: using metadata from Sat 06 Aug 2022 10:55:29 AM IST.
2022-08-08T18:25:17+0530 DEBUG reviving: 'code' can be revived - repomd matches.
2022-08-08T18:25:17+0530 DEBUG code: using metadata from Mon 08 Aug 2022 12:07:26 PM IST.
2022-08-08T18:25:17+0530 DEBUG User-Agent: constructed: 'libdnf (Fedora Linux 36; workstation; Linux.x86_64)'
2022-08-08T18:25:18+0530 DDEBUG timer: sack setup: 25873 ms
2022-08-08T18:25:18+0530 DEBUG Completion plugin: Generating completion cache...
2022-08-08T18:25:21+0530 INFO Metadata cache created.
2022-08-08T18:25:21+0530 DDEBUG Cleaning up.
2022-08-08T19:49:36+0530 INFO --- logging initialized ---
2022-08-08T19:49:36+0530 DDEBUG timer: config: 15 ms
2022-08-08T19:49:36+0530 DEBUG Loaded plugins: builddep, changelog, config-manager, copr, debug, debuginfo-install, download, generate_completion_cache, groups-manager, needs-restarting, playground, repoclosure, repodiff, repograph, repomanage, reposync, system-upgrade
2022-08-08T19:49:36+0530 DEBUG DNF version: 4.13.0
2022-08-08T19:49:36+0530 DDEBUG Command: dnf makecache --timer 
2022-08-08T19:49:36+0530 DDEBUG Installroot: /
2022-08-08T19:49:36+0530 DDEBUG Releasever: 36
2022-08-08T19:49:36+0530 DEBUG cachedir: /var/cache/dnf
2022-08-08T19:49:36+0530 DDEBUG Base command: makecache
2022-08-08T19:49:36+0530 DDEBUG Extra commands: ['makecache', '--timer']
2022-08-08T19:49:36+0530 WARNING Repository anydesk is listed more than once in the configuration
2022-08-08T19:49:36+0530 DEBUG Making cache files for all metadata files.
2022-08-08T19:49:36+0530 INFO Metadata cache refreshed recently.
2022-08-08T19:49:36+0530 DDEBUG Cleaning up.
2022-08-08T21:32:11+0530 INFO --- logging initialized ---
2022-08-08T21:32:11+0530 DDEBUG timer: config: 310 ms
2022-08-08T21:32:12+0530 DEBUG Loaded plugins: builddep, changelog, config-manager, copr, debug, debuginfo-install, download, generate_completion_cache, groups-manager, needs-restarting, playground, repoclosure, repodiff, repograph, repomanage, reposync, system-upgrade
2022-08-08T21:32:12+0530 DEBUG DNF version: 4.13.0
2022-08-08T21:32:12+0530 DDEBUG Command: dnf system-upgrade upgrade 
2022-08-08T21:32:12+0530 DDEBUG Installroot: /
2022-08-08T21:32:12+0530 DDEBUG Releasever: 36
2022-08-08T21:32:12+0530 DEBUG cachedir: /var/cache/dnf
2022-08-08T21:32:12+0530 DDEBUG Base command: system-upgrade
2022-08-08T21:32:12+0530 DDEBUG Extra commands: ['system-upgrade', 'upgrade']
2022-08-08T21:32:12+0530 INFO trigger file does not exist. exiting quietly.
2022-08-08T21:32:12+0530 DDEBUG Cleaning up.
2022-08-11T13:07:16+0530 INFO --- logging initialized ---
2022-08-11T13:07:16+0530 DDEBUG timer: config: 54 ms
2022-08-11T13:07:16+0530 DEBUG Loaded plugins: builddep, changelog, config-manager, copr, debug, debuginfo-install, download, generate_completion_cache, groups-manager, needs-restarting, playground, repoclosure, repodiff, repograph, repomanage, reposync, system-upgrade
2022-08-11T13:07:16+0530 DEBUG DNF version: 4.13.0
2022-08-11T13:07:16+0530 DDEBUG Command: dnf makecache --timer 
2022-08-11T13:07:16+0530 DDEBUG Installroot: /
2022-08-11T13:07:16+0530 DDEBUG Releasever: 36
2022-08-11T13:07:16+0530 DEBUG cachedir: /var/cache/dnf
2022-08-11T13:07:16+0530 DDEBUG Base command: makecache
2022-08-11T13:07:16+0530 DDEBUG Extra commands: ['makecache', '--timer']
2022-08-11T13:07:16+0530 WARNING Repository anydesk is listed more than once in the configuration
2022-08-11T13:07:16+0530 DEBUG Making cache files for all metadata files.
2022-08-11T13:07:16+0530 DEBUG anydesk: has expired and will be refreshed.
2022-08-11T13:07:16+0530 DEBUG phracek-PyCharm: has expired and will be refreshed.
2022-08-11T13:07:16+0530 DEBUG brave-browser-rpm-release.s3.brave.com_x86_64_: has expired and will be refreshed.
2022-08-11T13:07:16+0530 DEBUG docker-ce-stable: has expired and will be refreshed.
2022-08-11T13:07:17+0530 DEBUG fedora: has expired and will be refreshed.
2022-08-11T13:07:17+0530 DEBUG fedora-cisco-openh264: has expired and will be refreshed.
2022-08-11T13:07:17+0530 DEBUG fedora-modular: has expired and will be refreshed.
2022-08-11T13:07:18+0530 DEBUG updates: has expired and will be refreshed.
2022-08-11T13:07:18+0530 DEBUG updates-modular: has expired and will be refreshed.
2022-08-11T13:07:18+0530 DEBUG google-chrome: has expired and will be refreshed.
2022-08-11T13:07:18+0530 DEBUG jenkins: has expired and will be refreshed.
2022-08-11T13:07:18+0530 DEBUG rpmfusion-free: has expired and will be refreshed.
2022-08-11T13:07:18+0530 DEBUG rpmfusion-free-updates: has expired and will be refreshed.
2022-08-11T13:07:18+0530 DEBUG rpmfusion-nonfree: has expired and will be refreshed.
2022-08-11T13:07:18+0530 DEBUG rpmfusion-nonfree-nvidia-driver: has expired and will be refreshed.
2022-08-11T13:07:18+0530 DEBUG rpmfusion-nonfree-steam: has expired and will be refreshed.
2022-08-11T13:07:19+0530 DEBUG rpmfusion-nonfree-updates: has expired and will be refreshed.
2022-08-11T13:07:19+0530 DEBUG code: has expired and will be refreshed.
2022-08-11T13:07:20+0530 DEBUG reviving: 'anydesk' can be revived - repomd matches.
2022-08-11T13:07:20+0530 DEBUG anydesk: using metadata from Fri 24 Jun 2022 10:48:20 PM IST.
2022-08-11T13:07:25+0530 DEBUG reviving: 'phracek-PyCharm' can be revived - repomd matches.
2022-08-11T13:07:25+0530 DEBUG phracek-PyCharm: using metadata from Wed 27 Jul 2022 10:01:44 AM IST.
2022-08-11T13:07:26+0530 DEBUG reviving: 'brave-browser-rpm-release.s3.brave.com_x86_64_' can be revived - repomd matches.
2022-08-11T13:07:26+0530 DEBUG brave-browser-rpm-release.s3.brave.com_x86_64_: using metadata from Sun 07 Aug 2022 01:43:43 AM IST.
2022-08-11T13:07:26+0530 DEBUG reviving: 'docker-ce-stable' can be revived - repomd matches.
2022-08-11T13:07:26+0530 DEBUG docker-ce-stable: using metadata from Mon 08 Aug 2022 04:43:15 PM IST.
2022-08-11T13:07:26+0530 DEBUG countme: no event for fedora: window already counted
2022-08-11T13:07:29+0530 DEBUG reviving: 'fedora' can be revived - metalink checksums match.
2022-08-11T13:07:31+0530 DEBUG fedora: using metadata from Thu 05 May 2022 02:46:11 AM IST.
2022-08-11T13:07:31+0530 DEBUG reviving: 'fedora-cisco-openh264' can be revived - metalink checksums match.
2022-08-11T13:07:31+0530 DEBUG fedora-cisco-openh264: using metadata from Thu 07 Apr 2022 10:22:38 PM IST.
2022-08-11T13:07:31+0530 DEBUG countme: no event for fedora-modular: window already counted
2022-08-11T13:07:32+0530 DEBUG reviving: 'fedora-modular' can be revived - metalink checksums match.
2022-08-11T13:07:32+0530 DEBUG fedora-modular: using metadata from Thu 05 May 2022 02:42:01 AM IST.
2022-08-11T13:07:32+0530 DEBUG countme: no event for updates: window already counted
2022-08-11T13:07:32+0530 DEBUG reviving: failed for 'updates', mismatched sha256 sum.
2022-08-11T13:07:32+0530 DEBUG repo: downloading from remote: updates
2022-08-11T13:07:32+0530 DEBUG countme: no event for updates: window already counted
2022-08-11T13:07:51+0530 DEBUG updates: using metadata from Wed 10 Aug 2022 06:37:52 AM IST.
2022-08-11T13:07:51+0530 DEBUG countme: no event for updates-modular: window already counted
2022-08-11T13:07:51+0530 DEBUG reviving: failed for 'updates-modular', mismatched sha256 sum.
2022-08-11T13:07:51+0530 DEBUG repo: downloading from remote: updates-modular
2022-08-11T13:07:51+0530 DEBUG countme: no event for updates-modular: window already counted
2022-08-11T13:07:54+0530 DEBUG updates-modular: using metadata from Thu 11 Aug 2022 05:56:50 AM IST.
2022-08-11T13:07:55+0530 DEBUG reviving: failed for 'google-chrome', mismatched repomd.
2022-08-11T13:07:55+0530 DEBUG repo: downloading from remote: google-chrome
2022-08-11T13:07:56+0530 DEBUG google-chrome: using metadata from Wed 10 Aug 2022 11:46:38 PM IST.
2022-08-11T13:07:56+0530 DEBUG reviving: failed for 'jenkins', mismatched repomd.
2022-08-11T13:07:56+0530 DEBUG repo: downloading from remote: jenkins
2022-08-11T13:08:00+0530 DEBUG jenkins: using metadata from Wed 10 Aug 2022 03:07:01 PM IST.
2022-08-11T13:08:01+0530 DEBUG reviving: 'rpmfusion-free' can be revived - metalink checksums match.
2022-08-11T13:08:01+0530 DEBUG rpmfusion-free: using metadata from Wed 04 May 2022 10:18:11 AM IST.
2022-08-11T13:08:03+0530 DEBUG reviving: failed for 'rpmfusion-free-updates', mismatched sha256 sum.
2022-08-11T13:08:03+0530 DEBUG repo: downloading from remote: rpmfusion-free-updates
2022-08-11T13:08:10+0530 DEBUG rpmfusion-free-updates: using metadata from Mon 08 Aug 2022 09:58:35 PM IST.
2022-08-11T13:08:11+0530 DEBUG reviving: 'rpmfusion-nonfree' can be revived - metalink checksums match.
2022-08-11T13:08:12+0530 DEBUG rpmfusion-nonfree: using metadata from Wed 04 May 2022 10:41:55 AM IST.
2022-08-11T13:08:13+0530 DEBUG reviving: failed for 'rpmfusion-nonfree-nvidia-driver', mismatched sha256 sum.
2022-08-11T13:08:13+0530 DEBUG repo: downloading from remote: rpmfusion-nonfree-nvidia-driver
2022-08-11T13:08:16+0530 DEBUG rpmfusion-nonfree-nvidia-driver: using metadata from Mon 08 Aug 2022 10:25:44 PM IST.
2022-08-11T13:08:17+0530 DEBUG reviving: failed for 'rpmfusion-nonfree-steam', mismatched sha256 sum.
2022-08-11T13:08:17+0530 DEBUG repo: downloading from remote: rpmfusion-nonfree-steam
2022-08-11T13:08:19+0530 DEBUG error: Downloading successful, but checksum doesn't match. Calculated: f82d15e6de262f7ee9f23e5e8d29f9ee2594c1cf98d583e8ed664af3f6019ebcdfd4fde800f6110094d81cf6dd902238634c650d3a91bd6cbcd8dd920e03d46c(sha512)  Expected: 12ec26044857c0979d1dbd93fa8bc5eb06eea02d164cf75a6e1fc9d8ca03b55f7730fe9fe1380bd5bcbdbca1876d8932397ef41736911e5b0e01370590361ef5(sha512)  (http://mirrors.piconets.webwerks.in/rpmfusion-mirror/nonfree/fedora/steam/36/x86_64/repodata/repomd.xml).
2022-08-11T13:08:19+0530 WARNING Errors during downloading metadata for repository 'rpmfusion-nonfree-steam':
  - Downloading successful, but checksum doesn't match. Calculated: f82d15e6de262f7ee9f23e5e8d29f9ee2594c1cf98d583e8ed664af3f6019ebcdfd4fde800f6110094d81cf6dd902238634c650d3a91bd6cbcd8dd920e03d46c(sha512)  Expected: 12ec26044857c0979d1dbd93fa8bc5eb06eea02d164cf75a6e1fc9d8ca03b55f7730fe9fe1380bd5bcbdbca1876d8932397ef41736911e5b0e01370590361ef5(sha512) 
2022-08-11T13:08:19+0530 WARNING Error: Failed to download metadata for repo 'rpmfusion-nonfree-steam': Cannot download repomd.xml: Downloading successful, but checksum doesn't match. Calculated: f82d15e6de262f7ee9f23e5e8d29f9ee2594c1cf98d583e8ed664af3f6019ebcdfd4fde800f6110094d81cf6dd902238634c650d3a91bd6cbcd8dd920e03d46c(sha512)  Expected: 12ec26044857c0979d1dbd93fa8bc5eb06eea02d164cf75a6e1fc9d8ca03b55f7730fe9fe1380bd5bcbdbca1876d8932397ef41736911e5b0e01370590361ef5(sha512) 
2022-08-11T13:08:21+0530 DEBUG reviving: failed for 'rpmfusion-nonfree-updates', mismatched sha256 sum.
2022-08-11T13:08:21+0530 DEBUG repo: downloading from remote: rpmfusion-nonfree-updates
2022-08-11T13:08:25+0530 DEBUG rpmfusion-nonfree-updates: using metadata from Mon 08 Aug 2022 10:16:23 PM IST.
2022-08-11T13:08:25+0530 DEBUG reviving: failed for 'code', mismatched repomd.
2022-08-11T13:08:25+0530 DEBUG repo: downloading from remote: code
2022-08-11T13:08:38+0530 DEBUG code: using metadata from Thu 11 Aug 2022 12:07:03 PM IST.
2022-08-11T13:08:38+0530 WARNING Ignoring repositories: rpmfusion-nonfree-steam
2022-08-11T13:08:38+0530 DEBUG User-Agent: constructed: 'libdnf (Fedora Linux 36; workstation; Linux.x86_64)'
2022-08-11T13:08:41+0530 DDEBUG timer: sack setup: 82393 ms
2022-08-11T13:08:41+0530 DEBUG Completion plugin: Generating completion cache...
2022-08-11T13:08:44+0530 INFO Metadata cache created.
2022-08-11T13:08:44+0530 DDEBUG Cleaning up.
2022-08-11T14:40:41+0530 INFO --- logging initialized ---
2022-08-11T14:40:41+0530 DDEBUG timer: config: 853 ms
2022-08-11T14:40:42+0530 DEBUG Loaded plugins: builddep, changelog, config-manager, copr, debug, debuginfo-install, download, generate_completion_cache, groups-manager, needs-restarting, playground, repoclosure, repodiff, repograph, repomanage, reposync, system-upgrade
2022-08-11T14:40:42+0530 DEBUG DNF version: 4.13.0
2022-08-11T14:40:42+0530 DDEBUG Command: dnf makecache --timer 
2022-08-11T14:40:42+0530 DDEBUG Installroot: /
2022-08-11T14:40:42+0530 DDEBUG Releasever: 36
2022-08-11T14:40:42+0530 DEBUG cachedir: /var/cache/dnf
2022-08-11T14:40:42+0530 DDEBUG Base command: makecache
2022-08-11T14:40:42+0530 DDEBUG Extra commands: ['makecache', '--timer']
2022-08-11T14:40:42+0530 WARNING Repository anydesk is listed more than once in the configuration
2022-08-11T14:40:42+0530 DEBUG Making cache files for all metadata files.
2022-08-11T14:40:42+0530 INFO Metadata cache refreshed recently.
2022-08-11T14:40:42+0530 DDEBUG Cleaning up.
2022-08-11T16:21:43+0530 INFO --- logging initialized ---
2022-08-11T16:21:43+0530 DDEBUG timer: config: 423 ms
2022-08-11T16:21:44+0530 DEBUG Loaded plugins: builddep, changelog, config-manager, copr, debug, debuginfo-install, download, generate_completion_cache, groups-manager, needs-restarting, playground, repoclosure, repodiff, repograph, repomanage, reposync, system-upgrade
2022-08-11T16:21:44+0530 DEBUG DNF version: 4.13.0
2022-08-11T16:21:44+0530 DDEBUG Command: dnf makecache --timer 
2022-08-11T16:21:44+0530 DDEBUG Installroot: /
2022-08-11T16:21:44+0530 DDEBUG Releasever: 36
2022-08-11T16:21:44+0530 DEBUG cachedir: /var/cache/dnf
2022-08-11T16:21:44+0530 DDEBUG Base command: makecache
2022-08-11T16:21:44+0530 DDEBUG Extra commands: ['makecache', '--timer']
2022-08-11T16:21:44+0530 WARNING Repository anydesk is listed more than once in the configuration
2022-08-11T16:21:44+0530 DEBUG Making cache files for all metadata files.
2022-08-11T16:21:44+0530 INFO Metadata timer caching disabled when running on a battery.
2022-08-11T16:21:44+0530 DDEBUG Cleaning up.
2022-08-11T17:48:41+0530 INFO --- logging initialized ---
2022-08-11T17:48:41+0530 DDEBUG timer: config: 57 ms
2022-08-11T17:48:41+0530 DEBUG Loaded plugins: builddep, changelog, config-manager, copr, debug, debuginfo-install, download, generate_completion_cache, groups-manager, needs-restarting, playground, repoclosure, repodiff, repograph, repomanage, reposync, system-upgrade
2022-08-11T17:48:41+0530 DEBUG DNF version: 4.13.0
2022-08-11T17:48:41+0530 DDEBUG Command: dnf makecache --timer 
2022-08-11T17:48:41+0530 DDEBUG Installroot: /
2022-08-11T17:48:41+0530 DDEBUG Releasever: 36
2022-08-11T17:48:41+0530 DEBUG cachedir: /var/cache/dnf
2022-08-11T17:48:41+0530 DDEBUG Base command: makecache
2022-08-11T17:48:41+0530 DDEBUG Extra commands: ['makecache', '--timer']
2022-08-11T17:48:41+0530 WARNING Repository anydesk is listed more than once in the configuration
2022-08-11T17:48:41+0530 DEBUG Making cache files for all metadata files.
2022-08-11T17:48:41+0530 INFO Metadata timer caching disabled when running on a battery.
2022-08-11T17:48:41+0530 DDEBUG Cleaning up.
2022-08-11T19:21:44+0530 INFO --- logging initialized ---
2022-08-11T19:21:44+0530 DDEBUG timer: config: 24 ms
2022-08-11T19:21:44+0530 DEBUG Loaded plugins: builddep, changelog, config-manager, copr, debug, debuginfo-install, download, generate_completion_cache, groups-manager, needs-restarting, playground, repoclosure, repodiff, repograph, repomanage, reposync, system-upgrade
2022-08-11T19:21:44+0530 DEBUG DNF version: 4.13.0
2022-08-11T19:21:44+0530 DDEBUG Command: dnf makecache --timer 
2022-08-11T19:21:44+0530 DDEBUG Installroot: /
2022-08-11T19:21:44+0530 DDEBUG Releasever: 36
2022-08-11T19:21:44+0530 DEBUG cachedir: /var/cache/dnf
2022-08-11T19:21:44+0530 DDEBUG Base command: makecache
2022-08-11T19:21:44+0530 DDEBUG Extra commands: ['makecache', '--timer']
2022-08-11T19:21:44+0530 WARNING Repository anydesk is listed more than once in the configuration
2022-08-11T19:21:44+0530 DEBUG Making cache files for all metadata files.
2022-08-11T19:21:44+0530 INFO Metadata timer caching disabled when running on a battery.
2022-08-11T19:21:44+0530 DDEBUG Cleaning up.
2022-08-11T21:23:31+0530 INFO --- logging initialized ---
2022-08-11T21:23:31+0530 DDEBUG timer: config: 3 ms
2022-08-11T21:23:31+0530 DEBUG Loaded plugins: builddep, changelog, config-manager, copr, debug, debuginfo-install, download, generate_completion_cache, groups-manager, needs-restarting, playground, repoclosure, repodiff, repograph, repomanage, reposync, system-upgrade
2022-08-11T21:23:31+0530 DEBUG DNF version: 4.13.0
2022-08-11T21:23:31+0530 DDEBUG Command: dnf makecache --timer 
2022-08-11T21:23:31+0530 DDEBUG Installroot: /
2022-08-11T21:23:31+0530 DDEBUG Releasever: 36
2022-08-11T21:23:31+0530 DEBUG cachedir: /var/cache/dnf
2022-08-11T21:23:31+0530 DDEBUG Base command: makecache
2022-08-11T21:23:31+0530 DDEBUG Extra commands: ['makecache', '--timer']
2022-08-11T21:23:31+0530 WARNING Repository anydesk is listed more than once in the configuration
2022-08-11T21:23:31+0530 DEBUG Making cache files for all metadata files.
2022-08-11T21:23:31+0530 DEBUG anydesk: has expired and will be refreshed.
2022-08-11T21:23:32+0530 DEBUG phracek-PyCharm: has expired and will be refreshed.
2022-08-11T21:23:32+0530 DEBUG brave-browser-rpm-release.s3.brave.com_x86_64_: has expired and will be refreshed.
2022-08-11T21:23:32+0530 DEBUG docker-ce-stable: has expired and will be refreshed.
2022-08-11T21:23:33+0530 DEBUG fedora: has expired and will be refreshed.
2022-08-11T21:23:33+0530 DEBUG fedora-cisco-openh264: has expired and will be refreshed.
2022-08-11T21:23:33+0530 DEBUG fedora-modular: has expired and will be refreshed.
2022-08-11T21:23:34+0530 DEBUG updates: has expired and will be refreshed.
2022-08-11T21:23:34+0530 DEBUG updates-modular: has expired and will be refreshed.
2022-08-11T21:23:34+0530 DEBUG google-chrome: has expired and will be refreshed.
2022-08-11T21:23:34+0530 DEBUG jenkins: has expired and will be refreshed.
2022-08-11T21:23:34+0530 DEBUG rpmfusion-free: has expired and will be refreshed.
2022-08-11T21:23:34+0530 DEBUG rpmfusion-free-updates: has expired and will be refreshed.
2022-08-11T21:23:34+0530 DEBUG rpmfusion-nonfree: has expired and will be refreshed.
2022-08-11T21:23:34+0530 DEBUG rpmfusion-nonfree-nvidia-driver: has expired and will be refreshed.
2022-08-11T21:23:34+0530 DEBUG rpmfusion-nonfree-steam: has expired and will be refreshed.
2022-08-11T21:23:34+0530 DEBUG rpmfusion-nonfree-updates: has expired and will be refreshed.
2022-08-11T21:23:34+0530 DEBUG code: has expired and will be refreshed.
2022-08-11T21:23:34+0530 DEBUG error: Curl error (6): Couldn't resolve host name for http://rpm.anydesk.com/fedora/x86_64/repodata/repomd.xml [Could not resolve host: rpm.anydesk.com] (http://rpm.anydesk.com/fedora/x86_64/repodata/repomd.xml).
2022-08-11T21:23:34+0530 WARNING Errors during downloading metadata for repository 'anydesk':
  - Curl error (6): Couldn't resolve host name for http://rpm.anydesk.com/fedora/x86_64/repodata/repomd.xml [Could not resolve host: rpm.anydesk.com]
2022-08-11T21:23:34+0530 WARNING Error: Failed to download metadata for repo 'anydesk': Cannot download repomd.xml: Curl error (6): Couldn't resolve host name for http://rpm.anydesk.com/fedora/x86_64/repodata/repomd.xml [Could not resolve host: rpm.anydesk.com]
2022-08-11T21:23:34+0530 DEBUG error: Curl error (6): Couldn't resolve host name for https://copr-be.cloud.fedoraproject.org/results/phracek/PyCharm/fedora-36-x86_64/repodata/repomd.xml [Could not resolve host: copr-be.cloud.fedoraproject.org] (https://copr-be.cloud.fedoraproject.org/results/phracek/PyCharm/fedora-36-x86_64/repodata/repomd.xml).
2022-08-11T21:23:34+0530 WARNING Errors during downloading metadata for repository 'phracek-PyCharm':
  - Curl error (6): Couldn't resolve host name for https://copr-be.cloud.fedoraproject.org/results/phracek/PyCharm/fedora-36-x86_64/repodata/repomd.xml [Could not resolve host: copr-be.cloud.fedoraproject.org]
2022-08-11T21:23:34+0530 WARNING Error: Failed to download metadata for repo 'phracek-PyCharm': Cannot download repomd.xml: Curl error (6): Couldn't resolve host name for https://copr-be.cloud.fedoraproject.org/results/phracek/PyCharm/fedora-36-x86_64/repodata/repomd.xml [Could not resolve host: copr-be.cloud.fedoraproject.org]
2022-08-11T21:23:34+0530 DEBUG error: Curl error (6): Couldn't resolve host name for https://brave-browser-rpm-release.s3.brave.com/x86_64/repodata/repomd.xml [Could not resolve host: brave-browser-rpm-release.s3.brave.com] (https://brave-browser-rpm-release.s3.brave.com/x86_64/repodata/repomd.xml).
2022-08-11T21:23:34+0530 WARNING Errors during downloading metadata for repository 'brave-browser-rpm-release.s3.brave.com_x86_64_':
  - Curl error (6): Couldn't resolve host name for https://brave-browser-rpm-release.s3.brave.com/x86_64/repodata/repomd.xml [Could not resolve host: brave-browser-rpm-release.s3.brave.com]
2022-08-11T21:23:34+0530 WARNING Error: Failed to download metadata for repo 'brave-browser-rpm-release.s3.brave.com_x86_64_': Cannot download repomd.xml: Curl error (6): Couldn't resolve host name for https://brave-browser-rpm-release.s3.brave.com/x86_64/repodata/repomd.xml [Could not resolve host: brave-browser-rpm-release.s3.brave.com]
2022-08-11T21:23:34+0530 DEBUG error: Curl error (6): Couldn't resolve host name for https://download.docker.com/linux/fedora/36/x86_64/stable/repodata/repomd.xml [Could not resolve host: download.docker.com] (https://download.docker.com/linux/fedora/36/x86_64/stable/repodata/repomd.xml).
2022-08-11T21:23:34+0530 WARNING Errors during downloading metadata for repository 'docker-ce-stable':
  - Curl error (6): Couldn't resolve host name for https://download.docker.com/linux/fedora/36/x86_64/stable/repodata/repomd.xml [Could not resolve host: download.docker.com]
2022-08-11T21:23:34+0530 WARNING Error: Failed to download metadata for repo 'docker-ce-stable': Cannot download repomd.xml: Curl error (6): Couldn't resolve host name for https://download.docker.com/linux/fedora/36/x86_64/stable/repodata/repomd.xml [Could not resolve host: download.docker.com]
2022-08-11T21:23:34+0530 DEBUG countme: no event for fedora: window already counted
2022-08-11T21:23:34+0530 DEBUG error: Curl error (6): Couldn't resolve host name for https://mirrors.fedoraproject.org/metalink?repo=fedora-36&arch=x86_64 [Could not resolve host: mirrors.fedoraproject.org] (https://mirrors.fedoraproject.org/metalink?repo=fedora-36&arch=x86_64).
2022-08-11T21:23:34+0530 DEBUG error: Curl error (6): Couldn't resolve host name for https://mirrors.fedoraproject.org/metalink?repo=fedora-36&arch=x86_64 [Could not resolve host: mirrors.fedoraproject.org] (https://mirrors.fedoraproject.org/metalink?repo=fedora-36&arch=x86_64).
2022-08-11T21:23:34+0530 DEBUG error: Curl error (6): Couldn't resolve host name for https://mirrors.fedoraproject.org/metalink?repo=fedora-36&arch=x86_64 [Could not resolve host: mirrors.fedoraproject.org] (https://mirrors.fedoraproject.org/metalink?repo=fedora-36&arch=x86_64).
2022-08-11T21:23:34+0530 DEBUG error: Curl error (6): Couldn't resolve host name for https://mirrors.fedoraproject.org/metalink?repo=fedora-36&arch=x86_64 [Could not resolve host: mirrors.fedoraproject.org] (https://mirrors.fedoraproject.org/metalink?repo=fedora-36&arch=x86_64).
2022-08-11T21:23:34+0530 DEBUG error: Curl error (6): Couldn't resolve host name for https://mirrors.fedoraproject.org/metalink?repo=fedora-36&arch=x86_64 [Could not resolve host: mirrors.fedoraproject.org] (https://mirrors.fedoraproject.org/metalink?repo=fedora-36&arch=x86_64).
2022-08-11T21:23:34+0530 DEBUG error: Curl error (6): Couldn't resolve host name for https://mirrors.fedoraproject.org/metalink?repo=fedora-36&arch=x86_64 [Could not resolve host: mirrors.fedoraproject.org] (https://mirrors.fedoraproject.org/metalink?repo=fedora-36&arch=x86_64).
2022-08-11T21:23:34+0530 DEBUG error: Curl error (6): Couldn't resolve host name for https://mirrors.fedoraproject.org/metalink?repo=fedora-36&arch=x86_64 [Could not resolve host: mirrors.fedoraproject.org] (https://mirrors.fedoraproject.org/metalink?repo=fedora-36&arch=x86_64).
2022-08-11T21:23:34+0530 DEBUG error: Curl error (6): Couldn't resolve host name for https://mirrors.fedoraproject.org/metalink?repo=fedora-36&arch=x86_64 [Could not resolve host: mirrors.fedoraproject.org] (https://mirrors.fedoraproject.org/metalink?repo=fedora-36&arch=x86_64).
2022-08-11T21:23:34+0530 DEBUG error: Curl error (6): Couldn't resolve host name for https://mirrors.fedoraproject.org/metalink?repo=fedora-36&arch=x86_64 [Could not resolve host: mirrors.fedoraproject.org] (https://mirrors.fedoraproject.org/metalink?repo=fedora-36&arch=x86_64).
2022-08-11T21:23:34+0530 DEBUG error: Curl error (6): Couldn't resolve host name for https://mirrors.fedoraproject.org/metalink?repo=fedora-36&arch=x86_64 [Could not resolve host: mirrors.fedoraproject.org] (https://mirrors.fedoraproject.org/metalink?repo=fedora-36&arch=x86_64).
2022-08-11T21:23:34+0530 DEBUG error: Curl error (6): Couldn't resolve host name for https://mirrors.fedoraproject.org/metalink?repo=fedora-36&arch=x86_64 [Could not resolve host: mirrors.fedoraproject.org] (https://mirrors.fedoraproject.org/metalink?repo=fedora-36&arch=x86_64).
2022-08-11T21:23:34+0530 DEBUG error: Curl error (6): Couldn't resolve host name for https://mirrors.fedoraproject.org/metalink?repo=fedora-36&arch=x86_64 [Could not resolve host: mirrors.fedoraproject.org] (https://mirrors.fedoraproject.org/metalink?repo=fedora-36&arch=x86_64).
2022-08-11T21:23:34+0530 WARNING Errors during downloading metadata for repository 'fedora':
  - Curl error (6): Couldn't resolve host name for https://mirrors.fedoraproject.org/metalink?repo=fedora-36&arch=x86_64 [Could not resolve host: mirrors.fedoraproject.org]
2022-08-11T21:23:34+0530 DDEBUG Cleaning up.
2022-08-11T21:23:34+0530 SUBDEBUG 
Traceback (most recent call last):
  File "/usr/lib/python3.10/site-packages/dnf/repo.py", line 573, in load
    ret = self._repo.load()
  File "/usr/lib64/python3.10/site-packages/libdnf/repo.py", line 331, in load
    return _repo.Repo_load(self)
libdnf._error.Error: Failed to download metadata for repo 'fedora': Cannot prepare internal mirrorlist: Curl error (6): Couldn't resolve host name for https://mirrors.fedoraproject.org/metalink?repo=fedora-36&arch=x86_64 [Could not resolve host: mirrors.fedoraproject.org]

During handling of the above exception, another exception occurred:

Traceback (most recent call last):
  File "/usr/lib/python3.10/site-packages/dnf/cli/main.py", line 67, in main
    return _main(base, args, cli_class, option_parser_class)
  File "/usr/lib/python3.10/site-packages/dnf/cli/main.py", line 106, in _main
    return cli_run(cli, base)
  File "/usr/lib/python3.10/site-packages/dnf/cli/main.py", line 122, in cli_run
    cli.run()
  File "/usr/lib/python3.10/site-packages/dnf/cli/cli.py", line 1057, in run
    return self.command.run()
  File "/usr/lib/python3.10/site-packages/dnf/cli/commands/makecache.py", line 50, in run
    return self.base.update_cache(timer)
  File "/usr/lib/python3.10/site-packages/dnf/base.py", line 372, in update_cache
    self.fill_sack(load_system_repo=False, load_available_repos=True)  # performs the md sync
  File "/usr/lib/python3.10/site-packages/dnf/base.py", line 401, in fill_sack
    self._add_repo_to_sack(r)
  File "/usr/lib/python3.10/site-packages/dnf/base.py", line 141, in _add_repo_to_sack
    repo.load()
  File "/usr/lib/python3.10/site-packages/dnf/repo.py", line 580, in load
    raise dnf.exceptions.RepoError(str(e))
dnf.exceptions.RepoError: Failed to download metadata for repo 'fedora': Cannot prepare internal mirrorlist: Curl error (6): Couldn't resolve host name for https://mirrors.fedoraproject.org/metalink?repo=fedora-36&arch=x86_64 [Could not resolve host: mirrors.fedoraproject.org]
2022-08-11T21:23:34+0530 CRITICAL Error: Failed to download metadata for repo 'fedora': Cannot prepare internal mirrorlist: Curl error (6): Couldn't resolve host name for https://mirrors.fedoraproject.org/metalink?repo=fedora-36&arch=x86_64 [Could not resolve host: mirrors.fedoraproject.org]
2022-08-11T22:30:31+0530 INFO --- logging initialized ---
2022-08-11T22:30:31+0530 DDEBUG timer: config: 3 ms
2022-08-11T22:30:31+0530 DEBUG Loaded plugins: builddep, changelog, config-manager, copr, debug, debuginfo-install, download, generate_completion_cache, groups-manager, needs-restarting, playground, repoclosure, repodiff, repograph, repomanage, reposync, system-upgrade
2022-08-11T22:30:31+0530 DEBUG DNF version: 4.13.0
2022-08-11T22:30:31+0530 DDEBUG Command: dnf makecache --timer 
2022-08-11T22:30:31+0530 DDEBUG Installroot: /
2022-08-11T22:30:31+0530 DDEBUG Releasever: 36
2022-08-11T22:30:31+0530 DEBUG cachedir: /var/cache/dnf
2022-08-11T22:30:31+0530 DDEBUG Base command: makecache
2022-08-11T22:30:31+0530 DDEBUG Extra commands: ['makecache', '--timer']
2022-08-11T22:30:31+0530 WARNING Repository anydesk is listed more than once in the configuration
2022-08-11T22:30:31+0530 DEBUG Making cache files for all metadata files.
2022-08-11T22:30:31+0530 INFO Metadata timer caching disabled when running on a battery.
2022-08-11T22:30:31+0530 DDEBUG Cleaning up.
